<?xml version="1.0" encoding="UTF-8"?>
<coverage generated="1604447442780" clover="3.2.0">
  <project timestamp="1604447442780" name="All files">
    <metrics statements="41" coveredstatements="40" conditionals="10" coveredconditionals="9" methods="11" coveredmethods="11" elements="62" coveredelements="60" complexity="0" loc="41" ncloc="41" packages="1" files="1" classes="1"/>
    <file name="Cart.js" path="/home/nohaim/Codeminer/safplatform-challenge/src/lib/Cart.js">
      <metrics statements="41" coveredstatements="40" conditionals="10" coveredconditionals="9" methods="11" coveredmethods="11"/>
      <line num="1" count="1" type="stmt"/>
      <line num="2" count="1" type="stmt"/>
      <line num="3" count="1" type="stmt"/>
      <line num="4" count="1" type="stmt"/>
      <line num="5" count="1" type="stmt"/>
      <line num="8" count="6" type="stmt"/>
      <line num="9" count="6" type="stmt"/>
      <line num="10" count="6" type="stmt"/>
      <line num="11" count="6" type="stmt"/>
      <line num="14" count="6" type="stmt"/>
      <line num="15" count="12" type="stmt"/>
      <line num="17" count="12" type="stmt"/>
      <line num="26" count="12" type="stmt"/>
      <line num="31" count="6" type="stmt"/>
      <line num="32" count="12" type="stmt"/>
      <line num="35" count="6" type="stmt"/>
      <line num="39" count="12" type="cond" truecount="1" falsecount="1"/>
      <line num="40" count="0" type="stmt"/>
      <line num="43" count="22" type="stmt"/>
      <line num="44" count="12" type="cond" truecount="2" falsecount="0"/>
      <line num="46" count="12" type="cond" truecount="2" falsecount="0"/>
      <line num="47" count="7" type="stmt"/>
      <line num="49" count="5" type="stmt"/>
      <line num="52" count="12" type="stmt"/>
      <line num="56" count="12" type="stmt"/>
      <line num="57" count="12" type="stmt"/>
      <line num="61" count="12" type="stmt"/>
      <line num="62" count="12" type="stmt"/>
      <line num="63" count="12" type="stmt"/>
      <line num="65" count="12" type="cond" truecount="4" falsecount="0"/>
      <line num="66" count="4" type="stmt"/>
      <line num="67" count="4" type="stmt"/>
      <line num="70" count="12" type="stmt"/>
      <line num="74" count="12" type="stmt"/>
      <line num="76" count="12" type="stmt"/>
      <line num="80" count="12" type="stmt"/>
      <line num="84" count="6" type="stmt"/>
      <line num="85" count="12" type="stmt"/>
      <line num="90" count="6" type="stmt"/>
      <line num="91" count="6" type="stmt"/>
      <line num="93" count="6" type="stmt"/>
    </file>
  </project>
</coverage>
