<?xml version="1.0" encoding="UTF-8"?>
<coverage generated="1604693701268" clover="3.2.0">
  <project timestamp="1604693701269" name="All files">
    <metrics statements="42" coveredstatements="42" conditionals="9" coveredconditionals="9" methods="10" coveredmethods="10" elements="61" coveredelements="61" complexity="0" loc="42" ncloc="42" packages="1" files="2" classes="2"/>
    <file name="Cart.js" path="/home/nohaim/Codeminer/client-tests/safplatform-challenge/src/lib/Cart.js">
      <metrics statements="20" coveredstatements="20" conditionals="0" coveredconditionals="0" methods="6" coveredmethods="6"/>
      <line num="3" count="1" type="stmt"/>
      <line num="4" count="1" type="stmt"/>
      <line num="7" count="6" type="stmt"/>
      <line num="8" count="6" type="stmt"/>
      <line num="9" count="6" type="stmt"/>
      <line num="10" count="6" type="stmt"/>
      <line num="13" count="6" type="stmt"/>
      <line num="14" count="12" type="stmt"/>
      <line num="16" count="12" type="stmt"/>
      <line num="24" count="12" type="stmt"/>
      <line num="25" count="12" type="stmt"/>
      <line num="27" count="12" type="stmt"/>
      <line num="32" count="12" type="stmt"/>
      <line num="34" count="12" type="stmt"/>
      <line num="38" count="12" type="stmt"/>
      <line num="42" count="6" type="stmt"/>
      <line num="43" count="12" type="stmt"/>
      <line num="48" count="6" type="stmt"/>
      <line num="49" count="6" type="stmt"/>
      <line num="51" count="6" type="stmt"/>
    </file>
    <file name="Product.js" path="/home/nohaim/Codeminer/client-tests/safplatform-challenge/src/lib/Product.js">
      <metrics statements="22" coveredstatements="22" conditionals="9" coveredconditionals="9" methods="4" coveredmethods="4"/>
      <line num="1" count="1" type="stmt"/>
      <line num="2" count="1" type="stmt"/>
      <line num="3" count="1" type="stmt"/>
      <line num="7" count="12" type="stmt"/>
      <line num="8" count="12" type="stmt"/>
      <line num="9" count="12" type="stmt"/>
      <line num="10" count="12" type="stmt"/>
      <line num="11" count="12" type="stmt"/>
      <line num="12" count="12" type="stmt"/>
      <line num="13" count="12" type="stmt"/>
      <line num="17" count="12" type="stmt"/>
      <line num="21" count="12" type="cond" truecount="2" falsecount="0"/>
      <line num="23" count="12" type="cond" truecount="2" falsecount="0"/>
      <line num="24" count="7" type="stmt"/>
      <line num="26" count="5" type="stmt"/>
      <line num="33" count="12" type="stmt"/>
      <line num="34" count="12" type="stmt"/>
      <line num="35" count="12" type="stmt"/>
      <line num="37" count="12" type="cond" truecount="4" falsecount="0"/>
      <line num="38" count="4" type="stmt"/>
      <line num="39" count="4" type="stmt"/>
      <line num="42" count="12" type="stmt"/>
    </file>
  </project>
</coverage>
