{"/home/nohaim/Codeminer/safplatform-challenge/src/lib/Cart.js": {"path":"/home/nohaim/Codeminer/safplatform-challenge/src/lib/Cart.js","statementMap":{"0":{"start":{"line":1,"column":25},"end":{"line":1,"column":73}},"1":{"start":{"line":2,"column":19},"end":{"line":2,"column":44}},"2":{"start":{"line":3,"column":23},"end":{"line":3,"column":25}},"3":{"start":{"line":4,"column":26},"end":{"line":4,"column":27}},"4":{"start":{"line":5,"column":24},"end":{"line":5,"column":28}},"5":{"start":{"line":8,"column":15},"end":{"line":8,"column":17}},"6":{"start":{"line":9,"column":16},"end":{"line":9,"column":19}},"7":{"start":{"line":10,"column":10},"end":{"line":10,"column":13}},"8":{"start":{"line":11,"column":23},"end":{"line":11,"column":25}},"9":{"start":{"line":14,"column":4},"end":{"line":27,"column":6}},"10":{"start":{"line":15,"column":28},"end":{"line":15,"column":43}},"11":{"start":{"line":17,"column":21},"end":{"line":24,"column":7}},"12":{"start":{"line":26,"column":6},"end":{"line":26,"column":36}},"13":{"start":{"line":31,"column":4},"end":{"line":33,"column":6}},"14":{"start":{"line":32,"column":6},"end":{"line":32,"column":33}},"15":{"start":{"line":35,"column":4},"end":{"line":35,"column":34}},"16":{"start":{"line":39,"column":4},"end":{"line":41,"column":5}},"17":{"start":{"line":40,"column":6},"end":{"line":40,"column":76}},"18":{"start":{"line":43,"column":15},"end":{"line":43,"column":67}},"19":{"start":{"line":43,"column":46},"end":{"line":43,"column":66}},"20":{"start":{"line":44,"column":24},"end":{"line":44,"column":63}},"21":{"start":{"line":46,"column":4},"end":{"line":50,"column":5}},"22":{"start":{"line":47,"column":6},"end":{"line":47,"column":63}},"23":{"start":{"line":49,"column":6},"end":{"line":49,"column":80}},"24":{"start":{"line":52,"column":4},"end":{"line":54,"column":19}},"25":{"start":{"line":56,"column":4},"end":{"line":56,"column":52}},"26":{"start":{"line":57,"column":4},"end":{"line":57,"column":32}},"27":{"start":{"line":61,"column":23},"end":{"line":61,"column":52}},"28":{"start":{"line":62,"column":30},"end":{"line":62,"column":68}},"29":{"start":{"line":63,"column":15},"end":{"line":63,"column":62}},"30":{"start":{"line":65,"column":4},"end":{"line":68,"column":5}},"31":{"start":{"line":66,"column":6},"end":{"line":66,"column":70}},"32":{"start":{"line":67,"column":6},"end":{"line":67,"column":46}},"33":{"start":{"line":70,"column":4},"end":{"line":70,"column":34}},"34":{"start":{"line":74,"column":4},"end":{"line":75,"column":75}},"35":{"start":{"line":76,"column":4},"end":{"line":76,"column":50}},"36":{"start":{"line":80,"column":4},"end":{"line":80,"column":28}},"37":{"start":{"line":84,"column":4},"end":{"line":88,"column":6}},"38":{"start":{"line":85,"column":6},"end":{"line":87,"column":7}},"39":{"start":{"line":90,"column":4},"end":{"line":90,"column":68}},"40":{"start":{"line":91,"column":4},"end":{"line":91,"column":56}},"41":{"start":{"line":93,"column":4},"end":{"line":93,"column":34}}},"fnMap":{"0":{"name":"(anonymous_0)","decl":{"start":{"line":13,"column":2},"end":{"line":13,"column":3}},"loc":{"start":{"line":13,"column":23},"end":{"line":28,"column":3}},"line":13},"1":{"name":"(anonymous_1)","decl":{"start":{"line":14,"column":19},"end":{"line":14,"column":20}},"loc":{"start":{"line":14,"column":36},"end":{"line":27,"column":5}},"line":14},"2":{"name":"(anonymous_2)","decl":{"start":{"line":30,"column":2},"end":{"line":30,"column":3}},"loc":{"start":{"line":30,"column":14},"end":{"line":36,"column":3}},"line":30},"3":{"name":"(anonymous_3)","decl":{"start":{"line":31,"column":24},"end":{"line":31,"column":25}},"loc":{"start":{"line":31,"column":35},"end":{"line":33,"column":5}},"line":31},"4":{"name":"(anonymous_4)","decl":{"start":{"line":38,"column":2},"end":{"line":38,"column":3}},"loc":{"start":{"line":38,"column":25},"end":{"line":58,"column":3}},"line":38},"5":{"name":"(anonymous_5)","decl":{"start":{"line":43,"column":36},"end":{"line":43,"column":37}},"loc":{"start":{"line":43,"column":46},"end":{"line":43,"column":66}},"line":43},"6":{"name":"(anonymous_6)","decl":{"start":{"line":60,"column":2},"end":{"line":60,"column":3}},"loc":{"start":{"line":60,"column":37},"end":{"line":71,"column":3}},"line":60},"7":{"name":"(anonymous_7)","decl":{"start":{"line":73,"column":2},"end":{"line":73,"column":3}},"loc":{"start":{"line":73,"column":46},"end":{"line":77,"column":3}},"line":73},"8":{"name":"(anonymous_8)","decl":{"start":{"line":79,"column":2},"end":{"line":79,"column":3}},"loc":{"start":{"line":79,"column":26},"end":{"line":81,"column":3}},"line":79},"9":{"name":"(anonymous_9)","decl":{"start":{"line":83,"column":2},"end":{"line":83,"column":3}},"loc":{"start":{"line":83,"column":21},"end":{"line":94,"column":3}},"line":83},"10":{"name":"(anonymous_10)","decl":{"start":{"line":84,"column":24},"end":{"line":84,"column":25}},"loc":{"start":{"line":84,"column":34},"end":{"line":88,"column":5}},"line":84}},"branchMap":{"0":{"loc":{"start":{"line":39,"column":4},"end":{"line":41,"column":5}},"type":"if","locations":[{"start":{"line":39,"column":4},"end":{"line":41,"column":5}},{"start":{"line":39,"column":4},"end":{"line":41,"column":5}}],"line":39},"1":{"loc":{"start":{"line":44,"column":24},"end":{"line":44,"column":63}},"type":"cond-expr","locations":[{"start":{"line":44,"column":40},"end":{"line":44,"column":57}},{"start":{"line":44,"column":60},"end":{"line":44,"column":63}}],"line":44},"2":{"loc":{"start":{"line":46,"column":4},"end":{"line":50,"column":5}},"type":"if","locations":[{"start":{"line":46,"column":4},"end":{"line":50,"column":5}},{"start":{"line":46,"column":4},"end":{"line":50,"column":5}}],"line":46},"3":{"loc":{"start":{"line":65,"column":4},"end":{"line":68,"column":5}},"type":"if","locations":[{"start":{"line":65,"column":4},"end":{"line":68,"column":5}},{"start":{"line":65,"column":4},"end":{"line":68,"column":5}}],"line":65},"4":{"loc":{"start":{"line":65,"column":8},"end":{"line":65,"column":42}},"type":"binary-expr","locations":[{"start":{"line":65,"column":8},"end":{"line":65,"column":16}},{"start":{"line":65,"column":20},"end":{"line":65,"column":42}}],"line":65}},"s":{"0":1,"1":1,"2":1,"3":1,"4":1,"5":6,"6":6,"7":6,"8":6,"9":6,"10":12,"11":12,"12":12,"13":6,"14":12,"15":6,"16":12,"17":0,"18":12,"19":22,"20":12,"21":12,"22":7,"23":5,"24":12,"25":12,"26":12,"27":12,"28":12,"29":12,"30":12,"31":4,"32":4,"33":12,"34":12,"35":12,"36":12,"37":6,"38":12,"39":6,"40":6,"41":6},"f":{"0":6,"1":12,"2":6,"3":12,"4":12,"5":22,"6":12,"7":12,"8":12,"9":6,"10":12},"b":{"0":[0,12],"1":[4,8],"2":[7,5],"3":[4,8],"4":[12,4]},"_coverageSchema":"1a1c01bbd47fc00a2c39e90264f33305004495a9","hash":"691b2bc5401eadf5b36d775b3edca654f5d34367"}
}
