{"/home/nohaim/Codeminer/client-tests/safplatform-challenge/src/lib/Cart.js": {"path":"/home/nohaim/Codeminer/client-tests/safplatform-challenge/src/lib/Cart.js","statementMap":{"0":{"start":{"line":3,"column":25},"end":{"line":3,"column":73}},"1":{"start":{"line":4,"column":15},"end":{"line":4,"column":40}},"2":{"start":{"line":7,"column":18},"end":{"line":7,"column":20}},"3":{"start":{"line":8,"column":16},"end":{"line":8,"column":19}},"4":{"start":{"line":9,"column":10},"end":{"line":9,"column":13}},"5":{"start":{"line":10,"column":23},"end":{"line":10,"column":25}},"6":{"start":{"line":13,"column":4},"end":{"line":28,"column":6}},"7":{"start":{"line":14,"column":28},"end":{"line":14,"column":43}},"8":{"start":{"line":16,"column":20},"end":{"line":22,"column":7}},"9":{"start":{"line":24,"column":6},"end":{"line":24,"column":60}},"10":{"start":{"line":25,"column":6},"end":{"line":25,"column":37}},"11":{"start":{"line":27,"column":6},"end":{"line":27,"column":38}},"12":{"start":{"line":32,"column":4},"end":{"line":33,"column":75}},"13":{"start":{"line":34,"column":4},"end":{"line":34,"column":50}},"14":{"start":{"line":38,"column":4},"end":{"line":38,"column":51}},"15":{"start":{"line":42,"column":4},"end":{"line":46,"column":6}},"16":{"start":{"line":43,"column":6},"end":{"line":45,"column":7}},"17":{"start":{"line":48,"column":4},"end":{"line":48,"column":68}},"18":{"start":{"line":49,"column":4},"end":{"line":49,"column":56}},"19":{"start":{"line":51,"column":4},"end":{"line":51,"column":34}}},"fnMap":{"0":{"name":"(anonymous_0)","decl":{"start":{"line":12,"column":2},"end":{"line":12,"column":3}},"loc":{"start":{"line":12,"column":23},"end":{"line":29,"column":3}},"line":12},"1":{"name":"(anonymous_1)","decl":{"start":{"line":13,"column":23},"end":{"line":13,"column":24}},"loc":{"start":{"line":13,"column":40},"end":{"line":28,"column":5}},"line":13},"2":{"name":"(anonymous_2)","decl":{"start":{"line":31,"column":2},"end":{"line":31,"column":3}},"loc":{"start":{"line":31,"column":46},"end":{"line":35,"column":3}},"line":31},"3":{"name":"(anonymous_3)","decl":{"start":{"line":37,"column":2},"end":{"line":37,"column":3}},"loc":{"start":{"line":37,"column":26},"end":{"line":39,"column":3}},"line":37},"4":{"name":"(anonymous_4)","decl":{"start":{"line":41,"column":2},"end":{"line":41,"column":3}},"loc":{"start":{"line":41,"column":21},"end":{"line":52,"column":3}},"line":41},"5":{"name":"(anonymous_5)","decl":{"start":{"line":42,"column":31},"end":{"line":42,"column":32}},"loc":{"start":{"line":42,"column":41},"end":{"line":46,"column":5}},"line":42}},"branchMap":{},"s":{"0":1,"1":1,"2":6,"3":6,"4":6,"5":6,"6":6,"7":12,"8":12,"9":12,"10":12,"11":12,"12":12,"13":12,"14":12,"15":6,"16":12,"17":6,"18":6,"19":6},"f":{"0":6,"1":12,"2":12,"3":12,"4":6,"5":12},"b":{},"_coverageSchema":"1a1c01bbd47fc00a2c39e90264f33305004495a9","hash":"d62b43804d83f6632760ac6c53e583620257cc5b"}
,"/home/nohaim/Codeminer/client-tests/safplatform-challenge/src/lib/Product.js": {"path":"/home/nohaim/Codeminer/client-tests/safplatform-challenge/src/lib/Product.js","statementMap":{"0":{"start":{"line":1,"column":23},"end":{"line":1,"column":25}},"1":{"start":{"line":2,"column":22},"end":{"line":2,"column":23}},"2":{"start":{"line":3,"column":23},"end":{"line":3,"column":27}},"3":{"start":{"line":7,"column":4},"end":{"line":7,"column":20}},"4":{"start":{"line":8,"column":4},"end":{"line":8,"column":28}},"5":{"start":{"line":9,"column":4},"end":{"line":9,"column":22}},"6":{"start":{"line":10,"column":4},"end":{"line":10,"column":24}},"7":{"start":{"line":11,"column":4},"end":{"line":11,"column":28}},"8":{"start":{"line":12,"column":4},"end":{"line":12,"column":33}},"9":{"start":{"line":13,"column":4},"end":{"line":13,"column":33}},"10":{"start":{"line":17,"column":4},"end":{"line":17,"column":52}},"11":{"start":{"line":21,"column":25},"end":{"line":21,"column":64}},"12":{"start":{"line":23,"column":4},"end":{"line":29,"column":5}},"13":{"start":{"line":24,"column":6},"end":{"line":24,"column":63}},"14":{"start":{"line":26,"column":6},"end":{"line":28,"column":7}},"15":{"start":{"line":33,"column":20},"end":{"line":33,"column":49}},"16":{"start":{"line":34,"column":32},"end":{"line":34,"column":67}},"17":{"start":{"line":35,"column":13},"end":{"line":35,"column":57}},"18":{"start":{"line":37,"column":4},"end":{"line":40,"column":5}},"19":{"start":{"line":38,"column":6},"end":{"line":38,"column":70}},"20":{"start":{"line":39,"column":6},"end":{"line":39,"column":40}},"21":{"start":{"line":42,"column":4},"end":{"line":42,"column":31}}},"fnMap":{"0":{"name":"(anonymous_0)","decl":{"start":{"line":6,"column":2},"end":{"line":6,"column":3}},"loc":{"start":{"line":6,"column":55},"end":{"line":14,"column":3}},"line":6},"1":{"name":"(anonymous_1)","decl":{"start":{"line":16,"column":2},"end":{"line":16,"column":3}},"loc":{"start":{"line":16,"column":14},"end":{"line":18,"column":3}},"line":16},"2":{"name":"(anonymous_2)","decl":{"start":{"line":20,"column":2},"end":{"line":20,"column":3}},"loc":{"start":{"line":20,"column":14},"end":{"line":30,"column":3}},"line":20},"3":{"name":"(anonymous_3)","decl":{"start":{"line":32,"column":2},"end":{"line":32,"column":3}},"loc":{"start":{"line":32,"column":55},"end":{"line":43,"column":3}},"line":32}},"branchMap":{"0":{"loc":{"start":{"line":21,"column":25},"end":{"line":21,"column":64}},"type":"cond-expr","locations":[{"start":{"line":21,"column":41},"end":{"line":21,"column":58}},{"start":{"line":21,"column":61},"end":{"line":21,"column":64}}],"line":21},"1":{"loc":{"start":{"line":23,"column":4},"end":{"line":29,"column":5}},"type":"if","locations":[{"start":{"line":23,"column":4},"end":{"line":29,"column":5}},{"start":{"line":23,"column":4},"end":{"line":29,"column":5}}],"line":23},"2":{"loc":{"start":{"line":32,"column":30},"end":{"line":32,"column":53}},"type":"default-arg","locations":[{"start":{"line":32,"column":43},"end":{"line":32,"column":53}}],"line":32},"3":{"loc":{"start":{"line":37,"column":4},"end":{"line":40,"column":5}},"type":"if","locations":[{"start":{"line":37,"column":4},"end":{"line":40,"column":5}},{"start":{"line":37,"column":4},"end":{"line":40,"column":5}}],"line":37},"4":{"loc":{"start":{"line":37,"column":8},"end":{"line":37,"column":45}},"type":"binary-expr","locations":[{"start":{"line":37,"column":8},"end":{"line":37,"column":16}},{"start":{"line":37,"column":20},"end":{"line":37,"column":45}}],"line":37}},"s":{"0":1,"1":1,"2":1,"3":12,"4":12,"5":12,"6":12,"7":12,"8":12,"9":12,"10":12,"11":12,"12":12,"13":7,"14":5,"15":12,"16":12,"17":12,"18":12,"19":4,"20":4,"21":12},"f":{"0":12,"1":12,"2":12,"3":12},"b":{"0":[4,8],"1":[7,5],"2":[7],"3":[4,8],"4":[12,4]},"_coverageSchema":"1a1c01bbd47fc00a2c39e90264f33305004495a9","hash":"d8727f0adf640f81e8f5aac9fdcb978631fc9f1b"}
}
