TN:
SF:src/lib/Cart.js
FN:13,(anonymous_0)
FN:14,(anonymous_1)
FN:30,(anonymous_2)
FN:31,(anonymous_3)
FN:38,(anonymous_4)
FN:43,(anonymous_5)
FN:60,(anonymous_6)
FN:73,(anonymous_7)
FN:79,(anonymous_8)
FN:83,(anonymous_9)
FN:84,(anonymous_10)
FNF:11
FNH:11
FNDA:6,(anonymous_0)
FNDA:12,(anonymous_1)
FNDA:6,(anonymous_2)
FNDA:12,(anonymous_3)
FNDA:12,(anonymous_4)
FNDA:22,(anonymous_5)
FNDA:12,(anonymous_6)
FNDA:12,(anonymous_7)
FNDA:12,(anonymous_8)
FNDA:6,(anonymous_9)
FNDA:12,(anonymous_10)
DA:1,1
DA:2,1
DA:3,1
DA:4,1
DA:5,1
DA:8,6
DA:9,6
DA:10,6
DA:11,6
DA:14,6
DA:15,12
DA:17,12
DA:26,12
DA:31,6
DA:32,12
DA:35,6
DA:39,12
DA:40,0
DA:43,22
DA:44,12
DA:46,12
DA:47,7
DA:49,5
DA:52,12
DA:56,12
DA:57,12
DA:61,12
DA:62,12
DA:63,12
DA:65,12
DA:66,4
DA:67,4
DA:70,12
DA:74,12
DA:76,12
DA:80,12
DA:84,6
DA:85,12
DA:90,6
DA:91,6
DA:93,6
LF:41
LH:40
BRDA:39,0,0,0
BRDA:39,0,1,12
BRDA:44,1,0,4
BRDA:44,1,1,8
BRDA:46,2,0,7
BRDA:46,2,1,5
BRDA:65,3,0,4
BRDA:65,3,1,8
BRDA:65,4,0,12
BRDA:65,4,1,4
BRF:10
BRH:9
end_of_record
