TN:
SF:src/lib/Cart.js
FN:12,(anonymous_0)
FN:13,(anonymous_1)
FN:31,(anonymous_2)
FN:37,(anonymous_3)
FN:41,(anonymous_4)
FN:42,(anonymous_5)
FNF:6
FNH:6
FNDA:6,(anonymous_0)
FNDA:12,(anonymous_1)
FNDA:12,(anonymous_2)
FNDA:12,(anonymous_3)
FNDA:6,(anonymous_4)
FNDA:12,(anonymous_5)
DA:3,1
DA:4,1
DA:7,6
DA:8,6
DA:9,6
DA:10,6
DA:13,6
DA:14,12
DA:16,12
DA:24,12
DA:25,12
DA:27,12
DA:32,12
DA:34,12
DA:38,12
DA:42,6
DA:43,12
DA:48,6
DA:49,6
DA:51,6
LF:20
LH:20
BRF:0
BRH:0
end_of_record
TN:
SF:src/lib/Product.js
FN:6,(anonymous_0)
FN:16,(anonymous_1)
FN:20,(anonymous_2)
FN:32,(anonymous_3)
FNF:4
FNH:4
FNDA:12,(anonymous_0)
FNDA:12,(anonymous_1)
FNDA:12,(anonymous_2)
FNDA:12,(anonymous_3)
DA:1,1
DA:2,1
DA:3,1
DA:7,12
DA:8,12
DA:9,12
DA:10,12
DA:11,12
DA:12,12
DA:13,12
DA:17,12
DA:21,12
DA:23,12
DA:24,7
DA:26,5
DA:33,12
DA:34,12
DA:35,12
DA:37,12
DA:38,4
DA:39,4
DA:42,12
LF:22
LH:22
BRDA:21,0,0,4
BRDA:21,0,1,8
BRDA:23,1,0,7
BRDA:23,1,1,5
BRDA:32,2,0,7
BRDA:37,3,0,4
BRDA:37,3,1,8
BRDA:37,4,0,12
BRDA:37,4,1,4
BRF:9
BRH:9
end_of_record
